Using pre-set license
Built from '2020.3/staging' branch; Version is '2020.3.4f1 (0abb6314276a) revision 703331'; Using compiler version '192528614'; Build Type 'Release'
OS: 'Windows 10 Pro; OS build 19042.928; Version 2009; 64bit' Language: 'de' Physical Memory: 16366 MB
BatchMode: 1, IsHumanControllingUs: 0, StartBugReporterOnCrash: 0, Is64bit: 1, IsPro: 0

 COMMAND LINE ARGUMENTS:
C:\Program Files\Unity\Hub\Editor\2020.3.4f1\Editor\Unity.exe
-adb2
-batchMode
-noUpm
-name
AssetImportWorker0
-projectPath
C:/Users/Megaport/Desktop/Unity/LD48
-logFile
Logs/AssetImportWorker0.log
-srvPort
64570
Successfully changed project path to: C:/Users/Megaport/Desktop/Unity/LD48
C:/Users/Megaport/Desktop/Unity/LD48
Using Asset Import Pipeline V2.
Refreshing native plugins compatible for Editor in 62.66 ms, found 3 plugins.
Preloading 0 native plugins for Editor in 0.00 ms.
Initialize engine version: 2020.3.4f1 (0abb6314276a)
[Subsystems] Discovering subsystems at path C:/Program Files/Unity/Hub/Editor/2020.3.4f1/Editor/Data/Resources/UnitySubsystems
[Subsystems] Discovering subsystems at path C:/Users/Megaport/Desktop/Unity/LD48/Assets
GfxDevice: creating device client; threaded=0
Direct3D:
    Version:  Direct3D 11.0 [level 11.1]
    Renderer: NVIDIA GeForce GTX 1050 Ti (ID=0x1c82)
    Vendor:   
    VRAM:     4018 MB
    Driver:   27.21.14.5671
Initialize mono
Mono path[0] = 'C:/Program Files/Unity/Hub/Editor/2020.3.4f1/Editor/Data/Managed'
Mono path[1] = 'C:/Program Files/Unity/Hub/Editor/2020.3.4f1/Editor/Data/MonoBleedingEdge/lib/mono/unityjit'
Mono config path = 'C:/Program Files/Unity/Hub/Editor/2020.3.4f1/Editor/Data/MonoBleedingEdge/etc'
Using monoOptions --debugger-agent=transport=dt_socket,embedding=1,server=y,suspend=n,address=127.0.0.1:56660
Begin MonoManager ReloadAssembly
Registering precompiled unity dll's ...
Register platform support module: C:/Program Files/Unity/Hub/Editor/2020.3.4f1/Editor/Data/PlaybackEngines/WebGLSupport/UnityEditor.WebGL.Extensions.dll
Register platform support module: C:/Program Files/Unity/Hub/Editor/2020.3.4f1/Editor/Data/PlaybackEngines/MacStandaloneSupport/UnityEditor.OSXStandalone.Extensions.dll
Register platform support module: C:/Program Files/Unity/Hub/Editor/2020.3.4f1/Editor/Data/PlaybackEngines/WindowsStandaloneSupport/UnityEditor.WindowsStandalone.Extensions.dll
Register platform support module: C:/Program Files/Unity/Hub/Editor/2020.3.4f1/Editor/Data/PlaybackEngines/LinuxStandaloneSupport/UnityEditor.LinuxStandalone.Extensions.dll
Registered in 0.402853 seconds.
Native extension for LinuxStandalone target not found
Native extension for WindowsStandalone target not found
Native extension for OSXStandalone target not found
Native extension for WebGL target not found
Refreshing native plugins compatible for Editor in 51.13 ms, found 3 plugins.
Preloading 0 native plugins for Editor in 0.00 ms.
Mono: successfully reloaded assembly
- Completed reload, in  8.062 seconds
Platform modules already initialized, skipping
Registering precompiled user dll's ...
Registered in 0.079370 seconds.
Begin MonoManager ReloadAssembly
Native extension for LinuxStandalone target not found
Native extension for WindowsStandalone target not found
Native extension for OSXStandalone target not found
Native extension for WebGL target not found
Refreshing native plugins compatible for Editor in 0.56 ms, found 3 plugins.
Preloading 0 native plugins for Editor in 0.00 ms.
Mono: successfully reloaded assembly
- Completed reload, in  3.755 seconds
Platform modules already initialized, skipping
========================================================================
Worker process is ready to serve import requests
Launched and connected shader compiler UnityShaderCompiler.exe after 0.17 seconds
Refreshing native plugins compatible for Editor in 0.46 ms, found 3 plugins.
Preloading 0 native plugins for Editor in 0.00 ms.
Unloading 1392 Unused Serialized files (Serialized files now loaded: 0)
System memory in use before: 70.8 MB.
System memory in use after: 70.8 MB.

Unloading 17 unused Assets to reduce memory usage. Loaded Objects now: 1828.
Total: 2.459600 ms (FindLiveObjects: 0.277100 ms CreateObjectMapping: 0.078600 ms MarkObjects: 1.994300 ms  DeleteObjects: 0.108300 ms)

========================================================================
Received Import Request.
  path: Assets/Elevator
  artifactKey: Guid(0ba24d97a4b9c974da8c66bb58f10cc8) Importer(815301076,1909f56bfc062723c751e8b465ee728b)
Start importing Assets/Elevator using Guid(0ba24d97a4b9c974da8c66bb58f10cc8) Importer(815301076,1909f56bfc062723c751e8b465ee728b)  -> (artifact id: '6fa545f3aefd908b5c730360a49b7554') in 0.012857 seconds
  Import took 0.015887 seconds .

========================================================================
Received Import Request.
  Time since last request: 0.000300 seconds.
  path: Assets/Elevator/elevator.fbx
  artifactKey: Guid(3bd3d71a572457244aba9a0ed27abfb8) Importer(815301076,1909f56bfc062723c751e8b465ee728b)
Start importing Assets/Elevator/elevator.fbx using Guid(3bd3d71a572457244aba9a0ed27abfb8) Importer(815301076,1909f56bfc062723c751e8b465ee728b)  -> (artifact id: '818b96964979658a1dd24e4c66926732') in 0.326150 seconds
  Import took 0.329261 seconds .

========================================================================
Received Import Request.
  Time since last request: 69.036165 seconds.
  path: Assets/Elevator/Mats
  artifactKey: Guid(bbd6ca33d3e7f794eaf833be2090f8fd) Importer(815301076,1909f56bfc062723c751e8b465ee728b)
Start importing Assets/Elevator/Mats using Guid(bbd6ca33d3e7f794eaf833be2090f8fd) Importer(815301076,1909f56bfc062723c751e8b465ee728b)  -> (artifact id: 'a6a00d1d870f26b5b4183ac330399ac5') in 0.016955 seconds
  Import took 0.020577 seconds .

========================================================================
Received Import Request.
  Time since last request: 7.910301 seconds.
  path: Assets/Elevator/Mats/New Material.mat
  artifactKey: Guid(a27010b097178984e89fbe514a08269a) Importer(815301076,1909f56bfc062723c751e8b465ee728b)
Start importing Assets/Elevator/Mats/New Material.mat using Guid(a27010b097178984e89fbe514a08269a) Importer(815301076,1909f56bfc062723c751e8b465ee728b)  -> (artifact id: '6f48632278d853f96d4550024273e52e') in 0.023649 seconds
  Import took 0.027873 seconds .

========================================================================
Received Import Request.
  Time since last request: 4.200360 seconds.
  path: Assets/Elevator/Mats/New Material 1.mat
  artifactKey: Guid(c1a86b59ed6d5bb479fef1dd5909e70c) Importer(815301076,1909f56bfc062723c751e8b465ee728b)
Start importing Assets/Elevator/Mats/New Material 1.mat using Guid(c1a86b59ed6d5bb479fef1dd5909e70c) Importer(815301076,1909f56bfc062723c751e8b465ee728b)  -> (artifact id: '12c266ce9702068acb927d9927bd232b') in 0.022946 seconds
  Import took 0.026506 seconds .

========================================================================
Received Import Request.
  Time since last request: 0.083784 seconds.
  path: Assets/Elevator/Mats/New Material 1.mat
  artifactKey: Guid(c1a86b59ed6d5bb479fef1dd5909e70c) Importer(815301076,1909f56bfc062723c751e8b465ee728b)
Start importing Assets/Elevator/Mats/New Material 1.mat using Guid(c1a86b59ed6d5bb479fef1dd5909e70c) Importer(815301076,1909f56bfc062723c751e8b465ee728b)  -> (artifact id: '12c266ce9702068acb927d9927bd232b') in 0.021818 seconds
  Import took 0.026613 seconds .

========================================================================
Received Import Request.
  Time since last request: 3.153708 seconds.
  path: Assets/Elevator/Mats/New Material 2.mat
  artifactKey: Guid(38ba5654f7a347b408c36e70a766ff6a) Importer(815301076,1909f56bfc062723c751e8b465ee728b)
Start importing Assets/Elevator/Mats/New Material 2.mat using Guid(38ba5654f7a347b408c36e70a766ff6a) Importer(815301076,1909f56bfc062723c751e8b465ee728b)  -> (artifact id: '53707cd8ac3a301c788c56a84d29da9e') in 0.028744 seconds
  Import took 0.037857 seconds .

========================================================================
Received Import Request.
  Time since last request: 60.949673 seconds.
  path: Assets/Elevator/elevator.fbx
  artifactKey: Guid(3bd3d71a572457244aba9a0ed27abfb8) Importer(815301076,1909f56bfc062723c751e8b465ee728b)
Start importing Assets/Elevator/elevator.fbx using Guid(3bd3d71a572457244aba9a0ed27abfb8) Importer(815301076,1909f56bfc062723c751e8b465ee728b)  -> (artifact id: 'fea4b9cf337446679da25c0d484490c8') in 0.087493 seconds
  Import took 0.091516 seconds .

========================================================================
Received Prepare
Registering precompiled user dll's ...
Registered in 0.002499 seconds.
Begin MonoManager ReloadAssembly
Native extension for LinuxStandalone target not found
Native extension for WindowsStandalone target not found
Native extension for OSXStandalone target not found
Native extension for WebGL target not found
Refreshing native plugins compatible for Editor in 0.65 ms, found 3 plugins.
Preloading 0 native plugins for Editor in 0.00 ms.
Mono: successfully reloaded assembly
- Completed reload, in  1.528 seconds
Platform modules already initialized, skipping
Refreshing native plugins compatible for Editor in 0.51 ms, found 3 plugins.
Preloading 0 native plugins for Editor in 0.00 ms.
Unloading 1355 Unused Serialized files (Serialized files now loaded: 0)
System memory in use before: 71.0 MB.
System memory in use after: 71.0 MB.

Unloading 12 unused Assets to reduce memory usage. Loaded Objects now: 1875.
Total: 3.404000 ms (FindLiveObjects: 0.322000 ms CreateObjectMapping: 0.082900 ms MarkObjects: 2.905300 ms  DeleteObjects: 0.092400 ms)

========================================================================
Received Import Request.
  Time since last request: 150.919181 seconds.
  path: ProjectSettings/TagManager.asset
  artifactKey: Guid(00000000000000003000000000000000) Importer(815301076,1909f56bfc062723c751e8b465ee728b)
Start importing ProjectSettings/TagManager.asset using Guid(00000000000000003000000000000000) Importer(815301076,1909f56bfc062723c751e8b465ee728b)  -> (artifact id: '8e911578b0af677ee84e296b8326f070') in 0.048091 seconds
  Import took 0.052337 seconds .

========================================================================
Received Import Request.
  Time since last request: 0.001383 seconds.
  path: ProjectSettings/TagManager.asset
  artifactKey: Guid(00000000000000003000000000000000) Importer(815301076,1909f56bfc062723c751e8b465ee728b)
Start importing ProjectSettings/TagManager.asset using Guid(00000000000000003000000000000000) Importer(815301076,1909f56bfc062723c751e8b465ee728b)  -> (artifact id: '8e911578b0af677ee84e296b8326f070') in 0.014931 seconds
  Import took 0.019357 seconds .

========================================================================
Received Prepare
Registering precompiled user dll's ...
Registered in 0.002752 seconds.
Begin MonoManager ReloadAssembly
Native extension for LinuxStandalone target not found
Native extension for WindowsStandalone target not found
Native extension for OSXStandalone target not found
Native extension for WebGL target not found
Refreshing native plugins compatible for Editor in 0.50 ms, found 3 plugins.
Preloading 0 native plugins for Editor in 0.00 ms.
Mono: successfully reloaded assembly
- Completed reload, in  1.712 seconds
Platform modules already initialized, skipping
Refreshing native plugins compatible for Editor in 0.52 ms, found 3 plugins.
Preloading 0 native plugins for Editor in 0.00 ms.
Unloading 1355 Unused Serialized files (Serialized files now loaded: 0)
System memory in use before: 71.0 MB.
System memory in use after: 71.1 MB.

Unloading 14 unused Assets to reduce memory usage. Loaded Objects now: 1878.
Total: 2.323800 ms (FindLiveObjects: 0.263700 ms CreateObjectMapping: 0.079400 ms MarkObjects: 1.903600 ms  DeleteObjects: 0.075600 ms)

========================================================================
Received Prepare
Registering precompiled user dll's ...
Registered in 0.004535 seconds.
Begin MonoManager ReloadAssembly
Native extension for LinuxStandalone target not found
Native extension for WindowsStandalone target not found
Native extension for OSXStandalone target not found
Native extension for WebGL target not found
Refreshing native plugins compatible for Editor in 0.53 ms, found 3 plugins.
Preloading 0 native plugins for Editor in 0.00 ms.
Mono: successfully reloaded assembly
- Completed reload, in  1.807 seconds
Platform modules already initialized, skipping
Refreshing native plugins compatible for Editor in 0.49 ms, found 3 plugins.
Preloading 0 native plugins for Editor in 0.00 ms.
Unloading 1355 Unused Serialized files (Serialized files now loaded: 0)
System memory in use before: 71.0 MB.
System memory in use after: 71.1 MB.

Unloading 12 unused Assets to reduce memory usage. Loaded Objects now: 1881.
Total: 2.493500 ms (FindLiveObjects: 0.306900 ms CreateObjectMapping: 0.078800 ms MarkObjects: 2.012400 ms  DeleteObjects: 0.094200 ms)

========================================================================
Received Import Request.
  Time since last request: 327.705911 seconds.
  path: Assets/Elevator/Elevator.controller
  artifactKey: Guid(2044a5d0e716da041b8c105b704a81ae) Importer(815301076,1909f56bfc062723c751e8b465ee728b)
Start importing Assets/Elevator/Elevator.controller using Guid(2044a5d0e716da041b8c105b704a81ae) Importer(815301076,1909f56bfc062723c751e8b465ee728b)  -> (artifact id: '33b9e1bdef4e1d7377529f5656ccba8e') in 0.043286 seconds
  Import took 0.047294 seconds .

========================================================================
Received Prepare
Registering precompiled user dll's ...
Registered in 0.003131 seconds.
Begin MonoManager ReloadAssembly
Native extension for LinuxStandalone target not found
Native extension for WindowsStandalone target not found
Native extension for OSXStandalone target not found
Native extension for WebGL target not found
Refreshing native plugins compatible for Editor in 0.51 ms, found 3 plugins.
Preloading 0 native plugins for Editor in 0.00 ms.
Mono: successfully reloaded assembly
- Completed reload, in  1.758 seconds
Platform modules already initialized, skipping
Refreshing native plugins compatible for Editor in 0.48 ms, found 3 plugins.
Preloading 0 native plugins for Editor in 0.00 ms.
Unloading 1355 Unused Serialized files (Serialized files now loaded: 0)
System memory in use before: 71.0 MB.
System memory in use after: 71.1 MB.

Unloading 12 unused Assets to reduce memory usage. Loaded Objects now: 1884.
Total: 2.336600 ms (FindLiveObjects: 0.260800 ms CreateObjectMapping: 0.078100 ms MarkObjects: 1.919200 ms  DeleteObjects: 0.077200 ms)

========================================================================
Received Prepare
Registering precompiled user dll's ...
Registered in 0.003116 seconds.
Begin MonoManager ReloadAssembly
Native extension for LinuxStandalone target not found
Native extension for WindowsStandalone target not found
Native extension for OSXStandalone target not found
Native extension for WebGL target not found
Refreshing native plugins compatible for Editor in 0.49 ms, found 3 plugins.
Preloading 0 native plugins for Editor in 0.00 ms.
Mono: successfully reloaded assembly
- Completed reload, in  1.577 seconds
Platform modules already initialized, skipping
Refreshing native plugins compatible for Editor in 0.51 ms, found 3 plugins.
Preloading 0 native plugins for Editor in 0.00 ms.
Unloading 1355 Unused Serialized files (Serialized files now loaded: 0)
System memory in use before: 71.0 MB.
System memory in use after: 71.1 MB.

Unloading 12 unused Assets to reduce memory usage. Loaded Objects now: 1887.
Total: 2.468200 ms (FindLiveObjects: 0.262400 ms CreateObjectMapping: 0.074200 ms MarkObjects: 2.062900 ms  DeleteObjects: 0.067200 ms)

========================================================================
Received Prepare
Registering precompiled user dll's ...
Registered in 0.002850 seconds.
Begin MonoManager ReloadAssembly
Native extension for LinuxStandalone target not found
Native extension for WindowsStandalone target not found
Native extension for OSXStandalone target not found
Native extension for WebGL target not found
Refreshing native plugins compatible for Editor in 0.57 ms, found 3 plugins.
Preloading 0 native plugins for Editor in 0.00 ms.
Mono: successfully reloaded assembly
- Completed reload, in  2.116 seconds
Platform modules already initialized, skipping
Refreshing native plugins compatible for Editor in 0.62 ms, found 3 plugins.
Preloading 0 native plugins for Editor in 0.00 ms.
Unloading 1355 Unused Serialized files (Serialized files now loaded: 0)
System memory in use before: 71.0 MB.
System memory in use after: 71.1 MB.

Unloading 12 unused Assets to reduce memory usage. Loaded Objects now: 1890.
Total: 7.619700 ms (FindLiveObjects: 0.357400 ms CreateObjectMapping: 0.091200 ms MarkObjects: 7.058000 ms  DeleteObjects: 0.110600 ms)

========================================================================
Received Prepare
Registering precompiled user dll's ...
Registered in 0.002768 seconds.
Begin MonoManager ReloadAssembly
Native extension for LinuxStandalone target not found
Native extension for WindowsStandalone target not found
Native extension for OSXStandalone target not found
Native extension for WebGL target not found
Refreshing native plugins compatible for Editor in 0.46 ms, found 3 plugins.
Preloading 0 native plugins for Editor in 0.00 ms.
Mono: successfully reloaded assembly
- Completed reload, in  1.670 seconds
Platform modules already initialized, skipping
Refreshing native plugins compatible for Editor in 0.96 ms, found 3 plugins.
Preloading 0 native plugins for Editor in 0.00 ms.
Unloading 1356 Unused Serialized files (Serialized files now loaded: 0)
System memory in use before: 71.1 MB.
System memory in use after: 71.1 MB.

Unloading 12 unused Assets to reduce memory usage. Loaded Objects now: 1894.
Total: 2.177400 ms (FindLiveObjects: 0.260700 ms CreateObjectMapping: 0.076700 ms MarkObjects: 1.777100 ms  DeleteObjects: 0.061700 ms)

========================================================================
Received Prepare
Registering precompiled user dll's ...
Registered in 0.002545 seconds.
Begin MonoManager ReloadAssembly
Native extension for LinuxStandalone target not found
Native extension for WindowsStandalone target not found
Native extension for OSXStandalone target not found
Native extension for WebGL target not found
Refreshing native plugins compatible for Editor in 0.47 ms, found 3 plugins.
Preloading 0 native plugins for Editor in 0.00 ms.
Mono: successfully reloaded assembly
- Completed reload, in  1.664 seconds
Platform modules already initialized, skipping
Refreshing native plugins compatible for Editor in 0.63 ms, found 3 plugins.
Preloading 0 native plugins for Editor in 0.00 ms.
Unloading 1356 Unused Serialized files (Serialized files now loaded: 0)
System memory in use before: 71.1 MB.
System memory in use after: 71.2 MB.

Unloading 12 unused Assets to reduce memory usage. Loaded Objects now: 1897.
Total: 3.238100 ms (FindLiveObjects: 0.712600 ms CreateObjectMapping: 0.177500 ms MarkObjects: 2.269500 ms  DeleteObjects: 0.077000 ms)

========================================================================
Received Prepare
Registering precompiled user dll's ...
Registered in 0.002959 seconds.
Begin MonoManager ReloadAssembly
Native extension for LinuxStandalone target not found
Native extension for WindowsStandalone target not found
Native extension for OSXStandalone target not found
Native extension for WebGL target not found
Refreshing native plugins compatible for Editor in 0.58 ms, found 3 plugins.
Preloading 0 native plugins for Editor in 0.00 ms.
Mono: successfully reloaded assembly
- Completed reload, in  1.791 seconds
Platform modules already initialized, skipping
Refreshing native plugins compatible for Editor in 0.57 ms, found 3 plugins.
Preloading 0 native plugins for Editor in 0.00 ms.
Unloading 1356 Unused Serialized files (Serialized files now loaded: 0)
System memory in use before: 71.1 MB.
System memory in use after: 71.2 MB.

Unloading 12 unused Assets to reduce memory usage. Loaded Objects now: 1900.
Total: 2.494100 ms (FindLiveObjects: 0.269600 ms CreateObjectMapping: 0.084200 ms MarkObjects: 2.054900 ms  DeleteObjects: 0.084200 ms)

